<?xml version="1.0" encoding="UTF-8"?>
<!-- Generated by org.testng.reporters.JUnitXMLReporter -->
<testsuite hostname="kashif-PC" name="Command line test" tests="3" failures="0" timestamp="24 Jan 2016 16:17:40 GMT" time="23.485" errors="0">
  <testcase name="Login" time="18.396" classname="com.org.MaveDemo.AutomationParactice.com.LoginTest"/>
  <testcase name="verifymenuLink" time="1.091" classname="com.org.MaveDemo.AutomationParactice.com.VerifyMenuTest"/>
  <testcase name="logout" time="3.514" classname="com.org.MaveDemo.AutomationParactice.com.LogOutTest"/>
</testsuite> <!-- Command line test -->
