<?xml version="1.0" encoding="UTF-8" ?>
<testsuite tests="3" failures="0" name="TestSuite" time="35.214" errors="0" skipped="0">
  <properties>
[...]
</properties>
  <testcase classname="com.org.MaveDemo.AutomationParactice.com.LoginTest" name="Login" time="18.395"/>
  <testcase classname="com.org.MaveDemo.AutomationParactice.com.VerifyMenuTest" name="verifymenuLink" time="1.054"/>
  <testcase classname="com.org.MaveDemo.AutomationParactice.com.LogOutTest" name="logout" time="3.515"/>
</testsuite>